<?xml version="1.0" encoding="UTF-8" ?>
<testsuite tests="1" failures="1" name="runner.RunCucumberTest" time="4.128" errors="0" skipped="0">
  <properties>
[...]
</properties>
  <testcase classname="Google busca wikipedia" name="Buscar Wikipedia" time="4.128">
    <failure message="expected:&lt;[Conferencia de Carnunto]&gt; but was:&lt;[Anexo:Filmografía de Arnold Schwarzenegger]&gt;" type="org.junit.ComparisonFailure">org.junit.ComparisonFailure: expected:&lt;[Conferencia de Carnunto]&gt; but was:&lt;[Anexo:Filmografía de Arnold Schwarzenegger]&gt;
	at org.junit.Assert.assertEquals(Assert.java:117)
	at org.junit.Assert.assertEquals(Assert.java:146)
	at steps.StepsGoogleWikipedia.lambda$new$3(StepsGoogleWikipedia.java:50)
	at ✽.El titulo del articulo bueno del dia es &quot;Conferencia de Carnunto&quot;(file:///home/jesus/eclipse-workspace/SeleniumMavenIniciadosCucumber/src/test/resources/features/feature_ejemplo.feature:6)
</failure>
    <system-err>Starting ChromeDriver 89.0.4389.23 (61b08ee2c50024bab004e48d2b1b083cdbdac579-refs/branch-heads/4389@{#294}) on port 9975
Only local connections are allowed.
Please see https://chromedriver.chromium.org/security-considerations for suggestions on keeping ChromeDriver safe.
ChromeDriver was started successfully.
abr. 18, 2021 4:47:04 P. M. org.openqa.selenium.remote.ProtocolHandshake createSession
INFORMACIÓN: Detected dialect: W3C
</system-err>
  </testcase>
</testsuite>